#
# A fatal error has been detected by the Java Runtime Environment:
#
#  EXCEPTION_ACCESS_VIOLATION (0xc0000005) at pc=0x00007ffecd6b78fd, pid=44364, tid=56424
#
# JRE version: OpenJDK Runtime Environment (23.0.2+7) (build 23.0.2+7-58)
# Java VM: OpenJDK 64-Bit Server VM (23.0.2+7-58, mixed mode, sharing, tiered, compressed oops, compressed class ptrs, g1 gc, windows-amd64)
# Problematic frame:
# C  [atio6axx.dll+0x1f178fd]
#
# No core dump will be written. Minidumps are not enabled by default on client versions of Windows
#
# If you would like to submit a bug report, please visit:
#   https://bugreport.java.com/bugreport/crash.jsp
# The crash happened outside the Java Virtual Machine in native code.
# See problematic frame for where to report the bug.
#

---------------  S U M M A R Y ------------

Command Line: -Dfile.encoding=UTF-8 -Duser.country=US -Duser.language=en -Duser.variant pkgCSC133.Driver

Host: AMD Ryzen 5 7535U with Radeon Graphics         , 12 cores, 14G,  Windows 11 , 64 bit Build 22621 (10.0.22621.4830)
Time: Sun Mar 16 23:19:13 2025 Pacific Daylight Time elapsed time: 0.973708 seconds (0d 0h 0m 0s)

---------------  T H R E A D  ---------------

Current thread (0x0000015077e4f180):  JavaThread "main"             [_thread_in_native, id=56424, stack(0x0000000d2fa00000,0x0000000d2fb00000) (1024K)]

Stack: [0x0000000d2fa00000,0x0000000d2fb00000],  sp=0x0000000d2fafec28,  free space=1019k
Native frames: (J=compiled Java code, j=interpreted, Vv=VM code, C=native code)
C  [atio6axx.dll+0x1f178fd]  (no source info available)
C  [atio6axx.dll+0x5a1827]  (no source info available)
C  [atio6axx.dll+0x64fa41]  (no source info available)
C  [atio6axx.dll+0x95d6f]  (no source info available)
C  0x000001500fbad207  (no source info available)

The last pc belongs to native method entry point (kind = native) (printed below).
Java frames: (J=compiled Java code, j=interpreted, Vv=VM code)
j  org.lwjgl.opengl.GL11C.nglDrawElements(IIIJ)V+0
j  org.lwjgl.opengl.GL11C.glDrawElements(IIIJ)V+4
j  org.lwjgl.opengl.GL11.glDrawElements(IIIJ)V+4
j  pkgTYRenderEngine.TYRenderer.renderObjects()V+24
j  pkgTYRenderEngine.TYRenderer.renderLoop()V+11
j  pkgTYRenderEngine.TYRenderer.render(IIIII)V+184
j  pkgCSC133.Driver.main([Ljava/lang/String;)V+73
v  ~StubRoutines::call_stub 0x000001500fba0fcd

siginfo: EXCEPTION_ACCESS_VIOLATION (0xc0000005), reading address 0x0000000000000000


Registers:
RAX=0x00000150688e0540, RBX=0x00000150688e0518, RCX=0x00000150688e0540, RDX=0x0000000000000000
RSP=0x0000000d2fafec28, RBP=0x00000150687b0d00, RSI=0x000001506866a080, RDI=0x000001505f45b0c8
R8 =0x00000000000003f0, R9 =0x00000000000003f0, R10=0x00007ffecb7a0000, R11=0x0000000d2fafe8e0
R12=0x0000000000000000, R13=0x00000000000003f0, R14=0x0000000000000000, R15=0x00000000000003f0
RIP=0x00007ffecd6b78fd, EFLAGS=0x0000000000010287


Register to memory mapping:

RAX=0x00000150688e0540 points into unknown readable memory: 0x0000000000000000 | 00 00 00 00 00 00 00 00
RBX=0x00000150688e0518 points into unknown readable memory: 0x0000000000000000 | 00 00 00 00 00 00 00 00
RCX=0x00000150688e0540 points into unknown readable memory: 0x0000000000000000 | 00 00 00 00 00 00 00 00
RDX=0x0 is null
RSP=0x0000000d2fafec28 is pointing into the stack for thread: 0x0000015077e4f180
RBP=0x00000150687b0d00 points into unknown readable memory: 0x00000150688d2040 | 40 20 8d 68 50 01 00 00
RSI=0x000001506866a080 points into unknown readable memory: 0x00007ffecf0b9a48 | 48 9a 0b cf fe 7f 00 00
RDI=0x000001505f45b0c8 points into unknown readable memory: 0x00007ffecf0b9a20 | 20 9a 0b cf fe 7f 00 00
R8 =0x00000000000003f0 is an unknown value
R9 =0x00000000000003f0 is an unknown value
R10=0x00007ffecb7a0000 atio6axx.dll
R11=0x0000000d2fafe8e0 is pointing into the stack for thread: 0x0000015077e4f180
R12=0x0 is null
R13=0x00000000000003f0 is an unknown value
R14=0x0 is null
R15=0x00000000000003f0 is an unknown value

Top of Stack: (sp=0x0000000d2fafec28)
0x0000000d2fafec28:   00007ffecbd41827 000001506866a080
0x0000000d2fafec38:   0000000000000004 000001505f5c29e8
0x0000000d2fafec48:   00007ffecbbe76eb 000001505f5b2300
0x0000000d2fafec58:   00000150688e0540 0000000000000418
0x0000000d2fafec68:   00000000000000fc 000001505f45b0c8
0x0000000d2fafec78:   0000000000000004 0000000000001405
0x0000000d2fafec88:   000001505b57d278 0000000000000000
0x0000000d2fafec98:   000001505f45b0c8 00000000000000fc
0x0000000d2fafeca8:   000001506866a080 0000000000000000
0x0000000d2fafecb8:   00007ffecbdefa41 00000150688e0518
0x0000000d2fafecc8:   0000015000000004 00000150000000fc
0x0000000d2fafecd8:   0000000000001405 0000000000000000
0x0000000d2fafece8:   00007ffe00000001 0000000000000000
0x0000000d2fafecf8:   00007ffe00000004 000001506866a080
0x0000000d2fafed08:   0000003800000000 000001505f45b0c8
0x0000000d2fafed18:   000001505b57d200 00000000000000fc
0x0000000d2fafed28:   0000000000000004 0000000000000000
0x0000000d2fafed38:   00007ffecb835d6f 000001506a57c538
0x0000000d2fafed48:   0000000000001405 000001506866a080
0x0000000d2fafed58:   00007ffecf6cfb30 000000000017555d
0x0000000d2fafed68:   0000015077e4f180 000001505b57d278
0x0000000d2fafed78:   0000015077e4f180 000001500fba8700
0x0000000d2fafed88:   000001505f45b0c8 000001505b57d200
0x0000000d2fafed98:   000001505b57d278 0000015077e4f180
0x0000000d2fafeda8:   0000000d2fafee90 0000000000000000
0x0000000d2fafedb8:   000001500fbad207 000001505b57d278
0x0000000d2fafedc8:   0000000d2fafee50 0000000000000118
0x0000000d2fafedd8:   000001500fba8700 0000015000001405
0x0000000d2fafede8:   0000000000000000 000001500fba8700
0x0000000d2fafedf8:   00007ffeb6c1d36f 000001500fbace9b
0x0000000d2fafee08:   fffffffffffffff7 000001505b57d278
0x0000000d2fafee18:   0000000000000008 000001505b588f90 

Instructions: (pc=0x00007ffecd6b78fd)
0x00007ffecd6b77fd:   08 66 44 89 40 04 44 88 48 06 c3 4c 8b 02 8b 4a
0x00007ffecd6b780d:   08 44 0f b7 4a 0c 4c 89 00 89 48 08 66 44 89 48
0x00007ffecd6b781d:   0c c3 0f b7 0a 44 0f b6 42 02 66 89 08 44 88 40
0x00007ffecd6b782d:   02 c3 90 4c 8b 02 8b 4a 08 44 0f b6 4a 0c 4c 89
0x00007ffecd6b783d:   00 89 48 08 44 88 48 0c c3 4c 8b 02 0f b7 4a 08
0x00007ffecd6b784d:   4c 89 00 66 89 48 08 c3 4c 8b 02 0f b6 4a 08 4c
0x00007ffecd6b785d:   89 00 88 48 08 c3 4c 8b 02 8b 4a 08 4c 89 00 89
0x00007ffecd6b786d:   48 08 c3 8b 0a 44 0f b7 42 04 89 08 66 44 89 40
0x00007ffecd6b787d:   04 c3 8b 0a 44 0f b6 42 04 89 08 44 88 40 04 c3
0x00007ffecd6b788d:   48 8b 0a 48 89 08 c3 0f b6 0a 88 08 c3 8b 0a 89
0x00007ffecd6b789d:   08 c3 90 49 83 f8 20 77 17 f3 0f 6f 0a f3 42 0f
0x00007ffecd6b78ad:   6f 54 02 f0 f3 0f 7f 09 f3 42 0f 7f 54 01 f0 c3
0x00007ffecd6b78bd:   4e 8d 0c 02 48 3b ca 4c 0f 46 c9 49 3b c9 0f 82
0x00007ffecd6b78cd:   3f 04 00 00 83 3d b0 e7 e2 01 03 0f 82 e2 02 00
0x00007ffecd6b78dd:   00 49 81 f8 00 20 00 00 76 16 49 81 f8 00 00 18
0x00007ffecd6b78ed:   00 77 0d f6 05 89 23 f5 01 02 0f 85 73 fe ff ff
0x00007ffecd6b78fd:   c5 fe 6f 02 c4 a1 7e 6f 6c 02 e0 49 81 f8 00 01
0x00007ffecd6b790d:   00 00 0f 86 c3 00 00 00 4c 8b c9 49 83 e1 1f 49
0x00007ffecd6b791d:   83 e9 20 49 2b c9 49 2b d1 4d 03 c1 49 81 f8 00
0x00007ffecd6b792d:   01 00 00 0f 86 a2 00 00 00 49 81 f8 00 00 18 00
0x00007ffecd6b793d:   0f 87 3d 01 00 00 66 66 66 66 66 0f 1f 84 00 00
0x00007ffecd6b794d:   00 00 00 c5 fe 6f 0a c5 fe 6f 52 20 c5 fe 6f 5a
0x00007ffecd6b795d:   40 c5 fe 6f 62 60 c5 fd 7f 09 c5 fd 7f 51 20 c5
0x00007ffecd6b796d:   fd 7f 59 40 c5 fd 7f 61 60 c5 fe 6f 8a 80 00 00
0x00007ffecd6b797d:   00 c5 fe 6f 92 a0 00 00 00 c5 fe 6f 9a c0 00 00
0x00007ffecd6b798d:   00 c5 fe 6f a2 e0 00 00 00 c5 fd 7f 89 80 00 00
0x00007ffecd6b799d:   00 c5 fd 7f 91 a0 00 00 00 c5 fd 7f 99 c0 00 00
0x00007ffecd6b79ad:   00 c5 fd 7f a1 e0 00 00 00 48 81 c1 00 01 00 00
0x00007ffecd6b79bd:   48 81 c2 00 01 00 00 49 81 e8 00 01 00 00 49 81
0x00007ffecd6b79cd:   f8 00 01 00 00 0f 83 78 ff ff ff 4d 8d 48 1f 49
0x00007ffecd6b79dd:   83 e1 e0 4d 8b d9 49 c1 eb 05 47 8b 9c 9a e0 f6
0x00007ffecd6b79ed:   9e 03 4d 03 da 41 ff e3 c4 a1 7e 6f 8c 0a 00 ff 


Stack slot to memory mapping:

stack at sp + 0 slots: 0x00007ffecbd41827 atio6axx.dll
stack at sp + 1 slots: 0x000001506866a080 points into unknown readable memory: 0x00007ffecf0b9a48 | 48 9a 0b cf fe 7f 00 00
stack at sp + 2 slots: 0x0000000000000004 is an unknown value
stack at sp + 3 slots: 0x000001505f5c29e8 points into unknown readable memory: 0x00007ffecf0b04e0 | e0 04 0b cf fe 7f 00 00
stack at sp + 4 slots: 0x00007ffecbbe76eb atio6axx.dll
stack at sp + 5 slots: 0x000001505f5b2300 points into unknown readable memory: 0x000001505f5b2300 | 00 23 5b 5f 50 01 00 00
stack at sp + 6 slots: 0x00000150688e0540 points into unknown readable memory: 0x0000000000000000 | 00 00 00 00 00 00 00 00
stack at sp + 7 slots: 0x0000000000000418 is an unknown value

Lock stack of current Java thread (top to bottom):

native method entry point (kind = native)  [0x000001500fbacde0, 0x000001500fbad938]  2904 bytes
[MachCode]
  0x000001500fbacde0: 488b 4b08 | 0fb7 492e | 584c 8d74 | ccf8 6800 | 0000 0068 | 0000 0000 | 5055 488b | ec41 5568 
  0x000001500fbace00: 0000 0000 | 4c8b 6b08 | 4d8d 6d38 | 5348 8b53 | 0848 8b52 | 0848 8b52 | 1848 8b52 | 7048 8b12 
  0x000001500fbace20: 5248 8b53 | 1048 85d2 | 0f84 0700 | 0000 4881 | c210 0100 | 0052 488b | 5308 488b | 5208 488b 
  0x000001500fbace40: 5210 5249 | 8bc6 482b | c548 c1e8 | 0350 6800 | 0000 0068 | f7ff ffff | 41c6 8771 | 0400 0001 
  0x000001500fbace60: 488b 4310 | 4885 c074 | 208b 88cc | 0000 0083 | c102 8988 | cc00 0000 | 2388 e000 | 0000 0f84 
  0x000001500fbace80: 000a 0000 | e9cf 0000 | 0048 8b43 | 1848 85c0 | 0f85 b000 | 0000 e805 | 0000 00e9 | 9900 0000 
  0x000001500fbacea0: 488b d348 | 8d44 2408 | 4c89 6dc0 | 498b cfc5 | f877 4989 | afb0 0300 | 0049 8987 | a003 0000 
  0x000001500fbacec0: 4883 ec20 | 40f6 c40f | 0f84 1900 | 0000 4883 | ec08 48b8 | 8028 96b6 | fe7f 0000 | ffd0 4883 
  0x000001500fbacee0: c408 e90c | 0000 0048 | b880 2896 | b6fe 7f00 | 00ff d048 | 83c4 2049 | c787 a003 | 0000 0000 
  0x000001500fbacf00: 0000 49c7 | 87b0 0300 | 0000 0000 | 0049 c787 | a803 0000 | 0000 0000 | c5f8 7749 | 837f 0800 
  0x000001500fbacf20: 0f84 0500 | 0000 e995 | 3fff ff4c | 8b6d c04c | 8b75 c84e | 8d74 f500 | c348 8b43 | 1848 85c0 
  0x000001500fbacf40: 0f84 1200 | 0000 8b48 | 0883 c102 | 8948 0823 | 481c 0f84 | 2c09 0000 | 493b a7e8 | 0400 000f 
  0x000001500fbacf60: 8748 0000 | 0089 8424 | 00f0 ffff | 8984 2400 | e0ff ff89 | 8424 00d0 | ffff 8984 | 2400 c0ff 
  0x000001500fbacf80: ff89 8424 | 00b0 ffff | 8984 2400 | a0ff ff89 | 8424 0090 | ffff 8984 | 2400 80ff | ff49 3ba7 
  0x000001500fbacfa0: e004 0000 | 7607 4989 | a7e8 0400 | 0041 c687 | 7104 0000 | 0049 ba41 | bd1d b7fe | 7f00 0041 
  0x000001500fbacfc0: 803a 000f | 843e 0000 | 0048 8b55 | e849 8bcf | 4883 ec20 | 40f6 c40f | 0f84 1900 | 0000 4883 
  0x000001500fbacfe0: ec08 48b8 | f0f0 cdb6 | fe7f 0000 | ffd0 4883 | c408 e90c | 0000 0048 | b8f0 f0cd | b6fe 7f00 
  0x000001500fbad000: 00ff d048 | 83c4 2048 | 8b5d e84c | 8b5b 0845 | 0fb7 5b2e | 41c1 e303 | 492b e348 | 83ec 2048 
  0x000001500fbad020: 83e4 f04c | 8b5b 604d | 85db 0f85 | ab00 0000 | e805 0000 | 00e9 9900 | 0000 488b | d348 8d44 
  0x000001500fbad040: 2408 4c89 | 6dc0 498b | cfc5 f877 | 4989 afb0 | 0300 0049 | 8987 a003 | 0000 4883 | ec20 40f6 
  0x000001500fbad060: c40f 0f84 | 1900 0000 | 4883 ec08 | 48b8 e04f | 96b6 fe7f | 0000 ffd0 | 4883 c408 | e90c 0000 
  0x000001500fbad080: 0048 b8e0 | 4f96 b6fe | 7f00 00ff | d048 83c4 | 2049 c787 | a003 0000 | 0000 0000 | 49c7 87b0 
  0x000001500fbad0a0: 0300 0000 | 0000 0049 | c787 a803 | 0000 0000 | 0000 c5f8 | 7749 837f | 0800 0f84 | 0500 0000 
  0x000001500fbad0c0: e9fb 3dff | ff4c 8b6d | c04c 8b75 | c84e 8d74 | f500 c348 | 8b5d e84c | 8b5b 6041 | ffd3 488b 
  0x000001500fbad0e0: 5de8 4889 | 4518 448b | 5b28 41f6 | c308 0f84 | 1b00 0000 | 4c8b 5b08 | 4d8b 5b08 | 4d8b 5b18 
  0x000001500fbad100: 4d8b 5b70 | 4d8b 1b4c | 895d 1048 | 8d55 1048 | 8b43 5849 | ba40 3fce | b6fe 7f00 | 0049 3bc2 
  0x000001500fbad120: 0f85 ab00 | 0000 e805 | 0000 00e9 | 9900 0000 | 488b d348 | 8d44 2408 | 4c89 6dc0 | 498b cfc5 
  0x000001500fbad140: f877 4989 | afb0 0300 | 0049 8987 | a003 0000 | 4883 ec20 | 40f6 c40f | 0f84 1900 | 0000 4883 
  0x000001500fbad160: ec08 48b8 | e04f 96b6 | fe7f 0000 | ffd0 4883 | c408 e90c | 0000 0048 | b8e0 4f96 | b6fe 7f00 
  0x000001500fbad180: 00ff d048 | 83c4 2049 | c787 a003 | 0000 0000 | 0000 49c7 | 87b0 0300 | 0000 0000 | 0049 c787 
  0x000001500fbad1a0: a803 0000 | 0000 0000 | c5f8 7749 | 837f 0800 | 0f84 0500 | 0000 e905 | 3dff ff4c | 8b6d c04c 
  0x000001500fbad1c0: 8b75 c84e | 8d74 f500 | c348 8b5d | e848 8b43 | 5849 8d8f | c003 0000 | c5f8 7749 | 89af b003 
  0x000001500fbad1e0: 0000 49ba | d8d1 ba0f | 5001 0000 | 4d89 97a8 | 0300 0049 | 89a7 a003 | 0000 41c7 | 8744 0400 
  0x000001500fbad200: 0004 0000 | 00ff d0c5 | f877 4883 | ec10 c5fb | 1104 2448 | 83ec 1048 | 8904 2448 | c744 2408 
  0x000001500fbad220: 0000 0000 | 41c7 8744 | 0400 0005 | 0000 00f0 | 8344 24c0 | 0049 3baf | 4804 0000 | 0f87 0e00 
  0x000001500fbad240: 0000 4183 | bf40 0400 | 0000 0f84 | 2000 0000 | 498b cf4c | 8be4 4883 | ec20 4883 | e4f0 48b8 
  0x000001500fbad260: 80ab 97b6 | fe7f 0000 | ffd0 498b | e44d 33e4 | 41c7 8744 | 0400 0008 | 0000 0049 | c787 a003 
  0x000001500fbad280: 0000 0000 | 0000 49c7 | 87b0 0300 | 0000 0000 | 0049 c787 | a803 0000 | 0000 0000 | c5f8 774d 
  0x000001500fbad2a0: 8b9f 3004 | 0000 41c7 | 8300 0100 | 0000 0000 | 0049 bbda | a5ba 0f50 | 0100 004c | 3b5d 180f 
  0x000001500fbad2c0: 8524 0200 | 0048 8b04 | 2448 83c4 | 1048 85c0 | 0f84 fe01 | 0000 a803 | 0f85 0800 | 0000 488b 
  0x000001500fbad2e0: 00e9 ee01 | 0000 a801 | 0f85 0900 | 0000 488b | 40fe e9dd | 0100 0048 | 8b40 ff41 | 807f 3800 
  0x000001500fbad300: 0f84 ce01 | 0000 4883 | f800 0f84 | c401 0000 | 4d8b 5f28 | 4983 fb00 | 0f84 1400 | 0000 4983 
  0x000001500fbad320: eb08 4d89 | 5f28 4d03 | 5f30 4989 | 03e9 a201 | 0000 4881 | ecd0 0000 | 0048 8904 | 2448 894c 
  0x000001500fbad340: 2408 4889 | 5424 1048 | 8974 2418 | 4889 7c24 | 204c 8944 | 2428 4c89 | 4c24 304c | 8954 2438 
  0x000001500fbad360: 4c89 5c24 | 40c5 fb11 | 4424 50c5 | fb11 4c24 | 58c5 fb11 | 5424 60c5 | fb11 5c24 | 68c5 fb11 
  0x000001500fbad380: 6424 70c5 | fb11 6c24 | 78c5 fb11 | b424 8000 | 0000 c5fb | 11bc 2488 | 0000 00c5 | 7b11 8424 
  0x000001500fbad3a0: 9000 0000 | c57b 118c | 2498 0000 | 00c5 7b11 | 9424 a000 | 0000 c57b | 119c 24a8 | 0000 00c5 
  0x000001500fbad3c0: 7b11 a424 | b000 0000 | c57b 11ac | 24b8 0000 | 00c5 7b11 | b424 c000 | 0000 c57b | 11bc 24c8 
  0x000001500fbad3e0: 0000 0049 | 8bd7 488b | c848 83ec | 2040 f6c4 | 0f0f 8419 | 0000 0048 | 83ec 0848 | b800 098b 
  0x000001500fbad400: b6fe 7f00 | 00ff d048 | 83c4 08e9 | 0c00 0000 | 48b8 0009 | 8bb6 fe7f | 0000 ffd0 | 4883 c420 
  0x000001500fbad420: c57b 10bc | 24c8 0000 | 00c5 7b10 | b424 c000 | 0000 c57b | 10ac 24b8 | 0000 00c5 | 7b10 a424 
  0x000001500fbad440: b000 0000 | c57b 109c | 24a8 0000 | 00c5 7b10 | 9424 a000 | 0000 c57b | 108c 2498 | 0000 00c5 
  0x000001500fbad460: 7b10 8424 | 9000 0000 | c5fb 10bc | 2488 0000 | 00c5 fb10 | b424 8000 | 0000 c5fb | 106c 2478 
  0x000001500fbad480: c5fb 1064 | 2470 c5fb | 105c 2468 | c5fb 1054 | 2460 c5fb | 104c 2458 | c5fb 1044 | 2450 4c8b 
  0x000001500fbad4a0: 5c24 404c | 8b54 2438 | 4c8b 4c24 | 304c 8b44 | 2428 488b | 7c24 2048 | 8b74 2418 | 488b 5424 
  0x000001500fbad4c0: 1048 8b4c | 2408 488b | 0424 4881 | c4d0 0000 | 00c5 f877 | 4889 4510 | 4883 ec10 | 4889 0424 
  0x000001500fbad4e0: 48c7 4424 | 0800 0000 | 0041 83bf | c804 0000 | 020f 85bf | 0000 0048 | 81ec 8000 | 0000 4889 
  0x000001500fbad500: 4424 7848 | 894c 2470 | 4889 5424 | 6848 895c | 2460 4889 | 6c24 5048 | 8974 2448 | 4889 7c24 
  0x000001500fbad520: 404c 8944 | 2438 4c89 | 4c24 304c | 8954 2428 | 4c89 5c24 | 204c 8964 | 2418 4c89 | 6c24 104c 
  0x000001500fbad540: 8974 2408 | 4c89 3c24 | 4c8b e448 | 83ec 2048 | 83e4 f048 | b8a0 25ce | b6fe 7f00 | 00ff d049 
  0x000001500fbad560: 8be4 4c8b | 3c24 4c8b | 7424 084c | 8b6c 2410 | 4c8b 6424 | 184c 8b5c | 2420 4c8b | 5424 284c 
  0x000001500fbad580: 8b4c 2430 | 4c8b 4424 | 3848 8b7c | 2440 488b | 7424 4848 | 8b6c 2450 | 488b 5c24 | 6048 8b54 
  0x000001500fbad5a0: 2468 488b | 4c24 7048 | 8b44 2478 | 4881 c480 | 0000 004d | 33e4 488b | 5de8 4c8b | 6b08 4d8d 
  0x000001500fbad5c0: 6d38 4983 | 7f08 000f | 84bb 0000 | 00e8 0500 | 0000 e996 | 0000 0048 | 8d44 2408 | 4c89 6dc0 
  0x000001500fbad5e0: 498b cfc5 | f877 4989 | afb0 0300 | 0049 8987 | a003 0000 | 4883 ec20 | 40f6 c40f | 0f84 1900 
  0x000001500fbad600: 0000 4883 | ec08 48b8 | f06d 96b6 | fe7f 0000 | ffd0 4883 | c408 e90c | 0000 0048 | b8f0 6d96 
  0x000001500fbad620: b6fe 7f00 | 00ff d048 | 83c4 2049 | c787 a003 | 0000 0000 | 0000 49c7 | 87b0 0300 | 0000 0000 
  0x000001500fbad640: 0049 c787 | a803 0000 | 0000 0000 | c5f8 7749 | 837f 0800 | 0f84 0500 | 0000 e961 | 38ff ff4c 
  0x000001500fbad660: 8b6d c04c | 8b75 c84e | 8d74 f500 | c348 b930 | e5f5 b6fe | 7f00 0048 | 83e4 f048 | b850 4dbc 
  0x000001500fbad680: b6fe 7f00 | 00ff d0f4 | 448b 5b28 | 41f6 c320 | 0f84 7901 | 0000 488d | 55a8 4c8b | 5a08 4d85 
  0x000001500fbad6a0: db0f 85bb | 0000 00e8 | 0500 0000 | e996 0000 | 0048 8d44 | 2408 4c89 | 6dc0 498b | cfc5 f877 
  0x000001500fbad6c0: 4989 afb0 | 0300 0049 | 8987 a003 | 0000 4883 | ec20 40f6 | c40f 0f84 | 1900 0000 | 4883 ec08 
  0x000001500fbad6e0: 48b8 206d | 96b6 fe7f | 0000 ffd0 | 4883 c408 | e90c 0000 | 0048 b820 | 6d96 b6fe | 7f00 00ff 
  0x000001500fbad700: d048 83c4 | 2049 c787 | a003 0000 | 0000 0000 | 49c7 87b0 | 0300 0000 | 0000 0049 | c787 a803 
  0x000001500fbad720: 0000 0000 | 0000 c5f8 | 7749 837f | 0800 0f84 | 0500 0000 | e987 37ff | ff4c 8b6d | c04c 8b75 
  0x000001500fbad740: c84e 8d74 | f500 c348 | b930 e5f5 | b6fe 7f00 | 0048 83e4 | f048 b850 | 4dbc b6fe | 7f00 00ff 
  0x000001500fbad760: d0f4 4c89 | 6dc0 4c8b | 4a08 48c7 | 4208 0000 | 0000 458b | 8718 0600 | 004f 3b4c | 07f8 0f85 
  0x000001500fbad780: 4900 0000 | 4183 af18 | 0600 0008 | 4f3b 4c07 | f00f 842a | 0000 0049 | 8b01 a802 | 0f85 1200 
  0x000001500fbad7a0: 0000 4c8b | c049 83c8 | 01f0 4d0f | b101 0f84 | 0d00 0000 | 4183 8718 | 0600 0008 | e90c 0000 
  0x000001500fbad7c0: 0049 ff8f | 5005 0000 | e93e 0000 | 004c 894a | 0848 8bca | 4883 ec20 | 40f6 c40f | 0f84 1900 
  0x000001500fbad7e0: 0000 4883 | ec08 48b8 | e03f 96b6 | fe7f 0000 | ffd0 4883 | c408 e90c | 0000 0048 | b8e0 3f96 
  0x000001500fbad800: b6fe 7f00 | 00ff d048 | 83c4 204c | 8b6d c049 | ba41 bd1d | b7fe 7f00 | 0041 803a | 000f 843e 
  0x000001500fbad820: 0000 0048 | 8b55 e849 | 8bcf 4883 | ec20 40f6 | c40f 0f84 | 1900 0000 | 4883 ec08 | 48b8 f0f0 
  0x000001500fbad840: cdb6 fe7f | 0000 ffd0 | 4883 c408 | e90c 0000 | 0048 b8f0 | f0cd b6fe | 7f00 00ff | d048 83c4 
  0x000001500fbad860: 2048 8b04 | 2448 83c4 | 10c5 fb10 | 0424 4883 | c410 4c8b | 5d18 41ff | d34c 8b5d | f8c9 5f49 
  0x000001500fbad880: 8be3 ffe7 | ba00 0000 | 00e8 0500 | 0000 e996 | 0000 0048 | 8d44 2408 | 4c89 6dc0 | 498b cfc5 
  0x000001500fbad8a0: f877 4989 | afb0 0300 | 0049 8987 | a003 0000 | 4883 ec20 | 40f6 c40f | 0f84 1900 | 0000 4883 
  0x000001500fbad8c0: ec08 48b8 | 9033 96b6 | fe7f 0000 | ffd0 4883 | c408 e90c | 0000 0048 | b890 3396 | b6fe 7f00 
  0x000001500fbad8e0: 00ff d048 | 83c4 2049 | c787 a003 | 0000 0000 | 0000 49c7 | 87b0 0300 | 0000 0000 | 0049 c787 
  0x000001500fbad900: a803 0000 | 0000 0000 | c5f8 7749 | 837f 0800 | 0f84 0500 | 0000 e9a5 | 35ff ff4c | 8b6d c04c 
  0x000001500fbad920: 8b75 c84e | 8d74 f500 | c348 8b5d | e8e9 26f6 | ffff 660f | 1f44 0000 
[/MachCode]

---------------  P R O C E S S  ---------------

Threads class SMR info:
_java_thread_list=0x0000015019a78cb0, length=11, elements={
0x0000015077e4f180, 0x000001507fea05f0, 0x000001507fea1310, 0x000001507fea2ee0,
0x000001507fea3940, 0x000001507fea44d0, 0x000001507fea71e0, 0x000001507feb0330,
0x000001507fed0df0, 0x00000150197a79d0, 0x00000150197aa860
}

Java Threads: ( => current thread )
=>0x0000015077e4f180 JavaThread "main"                              [_thread_in_native, id=56424, stack(0x0000000d2fa00000,0x0000000d2fb00000) (1024K)]
  0x000001507fea05f0 JavaThread "Reference Handler"          daemon [_thread_blocked, id=52284, stack(0x0000000d30200000,0x0000000d30300000) (1024K)]
  0x000001507fea1310 JavaThread "Finalizer"                  daemon [_thread_blocked, id=58024, stack(0x0000000d30300000,0x0000000d30400000) (1024K)]
  0x000001507fea2ee0 JavaThread "Signal Dispatcher"          daemon [_thread_blocked, id=51896, stack(0x0000000d30400000,0x0000000d30500000) (1024K)]
  0x000001507fea3940 JavaThread "Attach Listener"            daemon [_thread_blocked, id=57576, stack(0x0000000d30500000,0x0000000d30600000) (1024K)]
  0x000001507fea44d0 JavaThread "Service Thread"             daemon [_thread_blocked, id=54720, stack(0x0000000d30600000,0x0000000d30700000) (1024K)]
  0x000001507fea71e0 JavaThread "Monitor Deflation Thread"   daemon [_thread_blocked, id=56744, stack(0x0000000d30700000,0x0000000d30800000) (1024K)]
  0x000001507feb0330 JavaThread "C2 CompilerThread0"         daemon [_thread_blocked, id=54084, stack(0x0000000d30800000,0x0000000d30900000) (1024K)]
  0x000001507fed0df0 JavaThread "C1 CompilerThread0"         daemon [_thread_blocked, id=54208, stack(0x0000000d30900000,0x0000000d30a00000) (1024K)]
  0x00000150197a79d0 JavaThread "Notification Thread"        daemon [_thread_blocked, id=51680, stack(0x0000000d30a00000,0x0000000d30b00000) (1024K)]
  0x00000150197aa860 JavaThread "Common-Cleaner"             daemon [_thread_blocked, id=58092, stack(0x0000000d30b00000,0x0000000d30c00000) (1024K)]
Total: 11

Other Threads:
  0x000001507fe87cd0 VMThread "VM Thread"                           [id=59900, stack(0x0000000d30100000,0x0000000d30200000) (1024K)]
  0x000001507fe72880 WatcherThread "VM Periodic Task Thread"        [id=59352, stack(0x0000000d30000000,0x0000000d30100000) (1024K)]
  0x000001507a28bd40 WorkerThread "GC Thread#0"                     [id=54864, stack(0x0000000d2fb00000,0x0000000d2fc00000) (1024K)]
  0x000001507a29f530 ConcurrentGCThread "G1 Main Marker"            [id=26420, stack(0x0000000d2fc00000,0x0000000d2fd00000) (1024K)]
  0x000001507a2a01f0 WorkerThread "G1 Conc#0"                       [id=54088, stack(0x0000000d2fd00000,0x0000000d2fe00000) (1024K)]
  0x000001507fd4a9e0 ConcurrentGCThread "G1 Refine#0"               [id=59060, stack(0x0000000d2fe00000,0x0000000d2ff00000) (1024K)]
  0x000001507fd4b470 ConcurrentGCThread "G1 Service"                [id=57364, stack(0x0000000d2ff00000,0x0000000d30000000) (1024K)]
Total: 7

Threads with active compile tasks:
Total: 0

VM state: not at safepoint (normal execution)

VM Mutex/Monitor currently owned by a thread: None

Heap address: 0x0000000713800000, size: 3784 MB, Compressed Oops mode: Zero based, Oop shift amount: 3

CDS archive(s) mapped at: [0x000001501a000000-0x000001501ad70000-0x000001501ad70000), size 14090240, SharedBaseAddress: 0x000001501a000000, ArchiveRelocationMode: 1.
Compressed class space mapped at: 0x000001501b000000-0x000001505b000000, reserved size: 1073741824
Narrow klass base: 0x000001501a000000, Narrow klass shift: 0, Narrow klass range: 0x41000000

GC Precious Log:
 CardTable entry size: 512
 Card Set container configuration: InlinePtr #cards 4 size 8 Array Of Cards #cards 16 size 48 Howl #buckets 8 coarsen threshold 3686 Howl Bitmap #cards 512 size 80 coarsen threshold 460 Card regions per heap region 1 cards per card region 4096
 CPUs: 12 total, 12 available
 Memory: 15134M
 Large Page Support: Disabled
 NUMA Support: Disabled
 Compressed Oops: Enabled (Zero based)
 Heap Region Size: 2M
 Heap Min Capacity: 8M
 Heap Initial Capacity: 238M
 Heap Max Capacity: 3784M
 Pre-touch: Disabled
 Parallel Workers: 10
 Concurrent Workers: 3
 Concurrent Refinement Workers: 10
 Periodic GC: Disabled

Heap:
 garbage-first heap   total reserved 3874816K, committed 243712K, used 6144K [0x0000000713800000, 0x0000000800000000)
  region size 2048K, 4 young (8192K), 0 survivors (0K)
 Metaspace       used 3948K, committed 4096K, reserved 1114112K
  class space    used 208K, committed 256K, reserved 1048576K

Heap Regions: E=young(eden), S=young(survivor), O=old, HS=humongous(starts), HC=humongous(continues), CS=collection set, F=free, TAMS=top-at-mark-start, PB=parsable bottom
|   0|0x0000000713800000, 0x0000000713800000, 0x0000000713a00000|  0%| F|  |TAMS 0x0000000713800000| PB 0x0000000713800000| Untracked |  0
|   1|0x0000000713a00000, 0x0000000713a00000, 0x0000000713c00000|  0%| F|  |TAMS 0x0000000713a00000| PB 0x0000000713a00000| Untracked |  0
|   2|0x0000000713c00000, 0x0000000713c00000, 0x0000000713e00000|  0%| F|  |TAMS 0x0000000713c00000| PB 0x0000000713c00000| Untracked |  0
|   3|0x0000000713e00000, 0x0000000713e00000, 0x0000000714000000|  0%| F|  |TAMS 0x0000000713e00000| PB 0x0000000713e00000| Untracked |  0
|   4|0x0000000714000000, 0x0000000714000000, 0x0000000714200000|  0%| F|  |TAMS 0x0000000714000000| PB 0x0000000714000000| Untracked |  0
|   5|0x0000000714200000, 0x0000000714200000, 0x0000000714400000|  0%| F|  |TAMS 0x0000000714200000| PB 0x0000000714200000| Untracked |  0
|   6|0x0000000714400000, 0x0000000714400000, 0x0000000714600000|  0%| F|  |TAMS 0x0000000714400000| PB 0x0000000714400000| Untracked |  0
|   7|0x0000000714600000, 0x0000000714600000, 0x0000000714800000|  0%| F|  |TAMS 0x0000000714600000| PB 0x0000000714600000| Untracked |  0
|   8|0x0000000714800000, 0x0000000714800000, 0x0000000714a00000|  0%| F|  |TAMS 0x0000000714800000| PB 0x0000000714800000| Untracked |  0
|   9|0x0000000714a00000, 0x0000000714a00000, 0x0000000714c00000|  0%| F|  |TAMS 0x0000000714a00000| PB 0x0000000714a00000| Untracked |  0
|  10|0x0000000714c00000, 0x0000000714c00000, 0x0000000714e00000|  0%| F|  |TAMS 0x0000000714c00000| PB 0x0000000714c00000| Untracked |  0
|  11|0x0000000714e00000, 0x0000000714e00000, 0x0000000715000000|  0%| F|  |TAMS 0x0000000714e00000| PB 0x0000000714e00000| Untracked |  0
|  12|0x0000000715000000, 0x0000000715000000, 0x0000000715200000|  0%| F|  |TAMS 0x0000000715000000| PB 0x0000000715000000| Untracked |  0
|  13|0x0000000715200000, 0x0000000715200000, 0x0000000715400000|  0%| F|  |TAMS 0x0000000715200000| PB 0x0000000715200000| Untracked |  0
|  14|0x0000000715400000, 0x0000000715400000, 0x0000000715600000|  0%| F|  |TAMS 0x0000000715400000| PB 0x0000000715400000| Untracked |  0
|  15|0x0000000715600000, 0x0000000715600000, 0x0000000715800000|  0%| F|  |TAMS 0x0000000715600000| PB 0x0000000715600000| Untracked |  0
|  16|0x0000000715800000, 0x0000000715800000, 0x0000000715a00000|  0%| F|  |TAMS 0x0000000715800000| PB 0x0000000715800000| Untracked |  0
|  17|0x0000000715a00000, 0x0000000715a00000, 0x0000000715c00000|  0%| F|  |TAMS 0x0000000715a00000| PB 0x0000000715a00000| Untracked |  0
|  18|0x0000000715c00000, 0x0000000715c00000, 0x0000000715e00000|  0%| F|  |TAMS 0x0000000715c00000| PB 0x0000000715c00000| Untracked |  0
|  19|0x0000000715e00000, 0x0000000715e00000, 0x0000000716000000|  0%| F|  |TAMS 0x0000000715e00000| PB 0x0000000715e00000| Untracked |  0
|  20|0x0000000716000000, 0x0000000716000000, 0x0000000716200000|  0%| F|  |TAMS 0x0000000716000000| PB 0x0000000716000000| Untracked |  0
|  21|0x0000000716200000, 0x0000000716200000, 0x0000000716400000|  0%| F|  |TAMS 0x0000000716200000| PB 0x0000000716200000| Untracked |  0
|  22|0x0000000716400000, 0x0000000716400000, 0x0000000716600000|  0%| F|  |TAMS 0x0000000716400000| PB 0x0000000716400000| Untracked |  0
|  23|0x0000000716600000, 0x0000000716600000, 0x0000000716800000|  0%| F|  |TAMS 0x0000000716600000| PB 0x0000000716600000| Untracked |  0
|  24|0x0000000716800000, 0x0000000716800000, 0x0000000716a00000|  0%| F|  |TAMS 0x0000000716800000| PB 0x0000000716800000| Untracked |  0
|  25|0x0000000716a00000, 0x0000000716a00000, 0x0000000716c00000|  0%| F|  |TAMS 0x0000000716a00000| PB 0x0000000716a00000| Untracked |  0
|  26|0x0000000716c00000, 0x0000000716c00000, 0x0000000716e00000|  0%| F|  |TAMS 0x0000000716c00000| PB 0x0000000716c00000| Untracked |  0
|  27|0x0000000716e00000, 0x0000000716e00000, 0x0000000717000000|  0%| F|  |TAMS 0x0000000716e00000| PB 0x0000000716e00000| Untracked |  0
|  28|0x0000000717000000, 0x0000000717000000, 0x0000000717200000|  0%| F|  |TAMS 0x0000000717000000| PB 0x0000000717000000| Untracked |  0
|  29|0x0000000717200000, 0x0000000717200000, 0x0000000717400000|  0%| F|  |TAMS 0x0000000717200000| PB 0x0000000717200000| Untracked |  0
|  30|0x0000000717400000, 0x0000000717400000, 0x0000000717600000|  0%| F|  |TAMS 0x0000000717400000| PB 0x0000000717400000| Untracked |  0
|  31|0x0000000717600000, 0x0000000717600000, 0x0000000717800000|  0%| F|  |TAMS 0x0000000717600000| PB 0x0000000717600000| Untracked |  0
|  32|0x0000000717800000, 0x0000000717800000, 0x0000000717a00000|  0%| F|  |TAMS 0x0000000717800000| PB 0x0000000717800000| Untracked |  0
|  33|0x0000000717a00000, 0x0000000717a00000, 0x0000000717c00000|  0%| F|  |TAMS 0x0000000717a00000| PB 0x0000000717a00000| Untracked |  0
|  34|0x0000000717c00000, 0x0000000717c00000, 0x0000000717e00000|  0%| F|  |TAMS 0x0000000717c00000| PB 0x0000000717c00000| Untracked |  0
|  35|0x0000000717e00000, 0x0000000717e00000, 0x0000000718000000|  0%| F|  |TAMS 0x0000000717e00000| PB 0x0000000717e00000| Untracked |  0
|  36|0x0000000718000000, 0x0000000718000000, 0x0000000718200000|  0%| F|  |TAMS 0x0000000718000000| PB 0x0000000718000000| Untracked |  0
|  37|0x0000000718200000, 0x0000000718200000, 0x0000000718400000|  0%| F|  |TAMS 0x0000000718200000| PB 0x0000000718200000| Untracked |  0
|  38|0x0000000718400000, 0x0000000718400000, 0x0000000718600000|  0%| F|  |TAMS 0x0000000718400000| PB 0x0000000718400000| Untracked |  0
|  39|0x0000000718600000, 0x0000000718600000, 0x0000000718800000|  0%| F|  |TAMS 0x0000000718600000| PB 0x0000000718600000| Untracked |  0
|  40|0x0000000718800000, 0x0000000718800000, 0x0000000718a00000|  0%| F|  |TAMS 0x0000000718800000| PB 0x0000000718800000| Untracked |  0
|  41|0x0000000718a00000, 0x0000000718a00000, 0x0000000718c00000|  0%| F|  |TAMS 0x0000000718a00000| PB 0x0000000718a00000| Untracked |  0
|  42|0x0000000718c00000, 0x0000000718c00000, 0x0000000718e00000|  0%| F|  |TAMS 0x0000000718c00000| PB 0x0000000718c00000| Untracked |  0
|  43|0x0000000718e00000, 0x0000000718e00000, 0x0000000719000000|  0%| F|  |TAMS 0x0000000718e00000| PB 0x0000000718e00000| Untracked |  0
|  44|0x0000000719000000, 0x0000000719000000, 0x0000000719200000|  0%| F|  |TAMS 0x0000000719000000| PB 0x0000000719000000| Untracked |  0
|  45|0x0000000719200000, 0x0000000719200000, 0x0000000719400000|  0%| F|  |TAMS 0x0000000719200000| PB 0x0000000719200000| Untracked |  0
|  46|0x0000000719400000, 0x0000000719400000, 0x0000000719600000|  0%| F|  |TAMS 0x0000000719400000| PB 0x0000000719400000| Untracked |  0
|  47|0x0000000719600000, 0x0000000719600000, 0x0000000719800000|  0%| F|  |TAMS 0x0000000719600000| PB 0x0000000719600000| Untracked |  0
|  48|0x0000000719800000, 0x0000000719800000, 0x0000000719a00000|  0%| F|  |TAMS 0x0000000719800000| PB 0x0000000719800000| Untracked |  0
|  49|0x0000000719a00000, 0x0000000719a00000, 0x0000000719c00000|  0%| F|  |TAMS 0x0000000719a00000| PB 0x0000000719a00000| Untracked |  0
|  50|0x0000000719c00000, 0x0000000719c00000, 0x0000000719e00000|  0%| F|  |TAMS 0x0000000719c00000| PB 0x0000000719c00000| Untracked |  0
|  51|0x0000000719e00000, 0x0000000719e00000, 0x000000071a000000|  0%| F|  |TAMS 0x0000000719e00000| PB 0x0000000719e00000| Untracked |  0
|  52|0x000000071a000000, 0x000000071a000000, 0x000000071a200000|  0%| F|  |TAMS 0x000000071a000000| PB 0x000000071a000000| Untracked |  0
|  53|0x000000071a200000, 0x000000071a200000, 0x000000071a400000|  0%| F|  |TAMS 0x000000071a200000| PB 0x000000071a200000| Untracked |  0
|  54|0x000000071a400000, 0x000000071a400000, 0x000000071a600000|  0%| F|  |TAMS 0x000000071a400000| PB 0x000000071a400000| Untracked |  0
|  55|0x000000071a600000, 0x000000071a600000, 0x000000071a800000|  0%| F|  |TAMS 0x000000071a600000| PB 0x000000071a600000| Untracked |  0
|  56|0x000000071a800000, 0x000000071a800000, 0x000000071aa00000|  0%| F|  |TAMS 0x000000071a800000| PB 0x000000071a800000| Untracked |  0
|  57|0x000000071aa00000, 0x000000071aa00000, 0x000000071ac00000|  0%| F|  |TAMS 0x000000071aa00000| PB 0x000000071aa00000| Untracked |  0
|  58|0x000000071ac00000, 0x000000071ac00000, 0x000000071ae00000|  0%| F|  |TAMS 0x000000071ac00000| PB 0x000000071ac00000| Untracked |  0
|  59|0x000000071ae00000, 0x000000071ae00000, 0x000000071b000000|  0%| F|  |TAMS 0x000000071ae00000| PB 0x000000071ae00000| Untracked |  0
|  60|0x000000071b000000, 0x000000071b000000, 0x000000071b200000|  0%| F|  |TAMS 0x000000071b000000| PB 0x000000071b000000| Untracked |  0
|  61|0x000000071b200000, 0x000000071b200000, 0x000000071b400000|  0%| F|  |TAMS 0x000000071b200000| PB 0x000000071b200000| Untracked |  0
|  62|0x000000071b400000, 0x000000071b400000, 0x000000071b600000|  0%| F|  |TAMS 0x000000071b400000| PB 0x000000071b400000| Untracked |  0
|  63|0x000000071b600000, 0x000000071b600000, 0x000000071b800000|  0%| F|  |TAMS 0x000000071b600000| PB 0x000000071b600000| Untracked |  0
|  64|0x000000071b800000, 0x000000071b800000, 0x000000071ba00000|  0%| F|  |TAMS 0x000000071b800000| PB 0x000000071b800000| Untracked |  0
|  65|0x000000071ba00000, 0x000000071ba00000, 0x000000071bc00000|  0%| F|  |TAMS 0x000000071ba00000| PB 0x000000071ba00000| Untracked |  0
|  66|0x000000071bc00000, 0x000000071bc00000, 0x000000071be00000|  0%| F|  |TAMS 0x000000071bc00000| PB 0x000000071bc00000| Untracked |  0
|  67|0x000000071be00000, 0x000000071be00000, 0x000000071c000000|  0%| F|  |TAMS 0x000000071be00000| PB 0x000000071be00000| Untracked |  0
|  68|0x000000071c000000, 0x000000071c000000, 0x000000071c200000|  0%| F|  |TAMS 0x000000071c000000| PB 0x000000071c000000| Untracked |  0
|  69|0x000000071c200000, 0x000000071c200000, 0x000000071c400000|  0%| F|  |TAMS 0x000000071c200000| PB 0x000000071c200000| Untracked |  0
|  70|0x000000071c400000, 0x000000071c400000, 0x000000071c600000|  0%| F|  |TAMS 0x000000071c400000| PB 0x000000071c400000| Untracked |  0
|  71|0x000000071c600000, 0x000000071c600000, 0x000000071c800000|  0%| F|  |TAMS 0x000000071c600000| PB 0x000000071c600000| Untracked |  0
|  72|0x000000071c800000, 0x000000071c800000, 0x000000071ca00000|  0%| F|  |TAMS 0x000000071c800000| PB 0x000000071c800000| Untracked |  0
|  73|0x000000071ca00000, 0x000000071ca00000, 0x000000071cc00000|  0%| F|  |TAMS 0x000000071ca00000| PB 0x000000071ca00000| Untracked |  0
|  74|0x000000071cc00000, 0x000000071cc00000, 0x000000071ce00000|  0%| F|  |TAMS 0x000000071cc00000| PB 0x000000071cc00000| Untracked |  0
|  75|0x000000071ce00000, 0x000000071ce00000, 0x000000071d000000|  0%| F|  |TAMS 0x000000071ce00000| PB 0x000000071ce00000| Untracked |  0
|  76|0x000000071d000000, 0x000000071d000000, 0x000000071d200000|  0%| F|  |TAMS 0x000000071d000000| PB 0x000000071d000000| Untracked |  0
|  77|0x000000071d200000, 0x000000071d200000, 0x000000071d400000|  0%| F|  |TAMS 0x000000071d200000| PB 0x000000071d200000| Untracked |  0
|  78|0x000000071d400000, 0x000000071d400000, 0x000000071d600000|  0%| F|  |TAMS 0x000000071d400000| PB 0x000000071d400000| Untracked |  0
|  79|0x000000071d600000, 0x000000071d600000, 0x000000071d800000|  0%| F|  |TAMS 0x000000071d600000| PB 0x000000071d600000| Untracked |  0
|  80|0x000000071d800000, 0x000000071d800000, 0x000000071da00000|  0%| F|  |TAMS 0x000000071d800000| PB 0x000000071d800000| Untracked |  0
|  81|0x000000071da00000, 0x000000071da00000, 0x000000071dc00000|  0%| F|  |TAMS 0x000000071da00000| PB 0x000000071da00000| Untracked |  0
|  82|0x000000071dc00000, 0x000000071dc00000, 0x000000071de00000|  0%| F|  |TAMS 0x000000071dc00000| PB 0x000000071dc00000| Untracked |  0
|  83|0x000000071de00000, 0x000000071de00000, 0x000000071e000000|  0%| F|  |TAMS 0x000000071de00000| PB 0x000000071de00000| Untracked |  0
|  84|0x000000071e000000, 0x000000071e000000, 0x000000071e200000|  0%| F|  |TAMS 0x000000071e000000| PB 0x000000071e000000| Untracked |  0
|  85|0x000000071e200000, 0x000000071e200000, 0x000000071e400000|  0%| F|  |TAMS 0x000000071e200000| PB 0x000000071e200000| Untracked |  0
|  86|0x000000071e400000, 0x000000071e400000, 0x000000071e600000|  0%| F|  |TAMS 0x000000071e400000| PB 0x000000071e400000| Untracked |  0
|  87|0x000000071e600000, 0x000000071e600000, 0x000000071e800000|  0%| F|  |TAMS 0x000000071e600000| PB 0x000000071e600000| Untracked |  0
|  88|0x000000071e800000, 0x000000071e800000, 0x000000071ea00000|  0%| F|  |TAMS 0x000000071e800000| PB 0x000000071e800000| Untracked |  0
|  89|0x000000071ea00000, 0x000000071ea00000, 0x000000071ec00000|  0%| F|  |TAMS 0x000000071ea00000| PB 0x000000071ea00000| Untracked |  0
|  90|0x000000071ec00000, 0x000000071ec00000, 0x000000071ee00000|  0%| F|  |TAMS 0x000000071ec00000| PB 0x000000071ec00000| Untracked |  0
|  91|0x000000071ee00000, 0x000000071ee00000, 0x000000071f000000|  0%| F|  |TAMS 0x000000071ee00000| PB 0x000000071ee00000| Untracked |  0
|  92|0x000000071f000000, 0x000000071f000000, 0x000000071f200000|  0%| F|  |TAMS 0x000000071f000000| PB 0x000000071f000000| Untracked |  0
|  93|0x000000071f200000, 0x000000071f200000, 0x000000071f400000|  0%| F|  |TAMS 0x000000071f200000| PB 0x000000071f200000| Untracked |  0
|  94|0x000000071f400000, 0x000000071f400000, 0x000000071f600000|  0%| F|  |TAMS 0x000000071f400000| PB 0x000000071f400000| Untracked |  0
|  95|0x000000071f600000, 0x000000071f600000, 0x000000071f800000|  0%| F|  |TAMS 0x000000071f600000| PB 0x000000071f600000| Untracked |  0
|  96|0x000000071f800000, 0x000000071f800000, 0x000000071fa00000|  0%| F|  |TAMS 0x000000071f800000| PB 0x000000071f800000| Untracked |  0
|  97|0x000000071fa00000, 0x000000071fa00000, 0x000000071fc00000|  0%| F|  |TAMS 0x000000071fa00000| PB 0x000000071fa00000| Untracked |  0
|  98|0x000000071fc00000, 0x000000071fc00000, 0x000000071fe00000|  0%| F|  |TAMS 0x000000071fc00000| PB 0x000000071fc00000| Untracked |  0
|  99|0x000000071fe00000, 0x000000071fe00000, 0x0000000720000000|  0%| F|  |TAMS 0x000000071fe00000| PB 0x000000071fe00000| Untracked |  0
| 100|0x0000000720000000, 0x0000000720000000, 0x0000000720200000|  0%| F|  |TAMS 0x0000000720000000| PB 0x0000000720000000| Untracked |  0
| 101|0x0000000720200000, 0x0000000720200000, 0x0000000720400000|  0%| F|  |TAMS 0x0000000720200000| PB 0x0000000720200000| Untracked |  0
| 102|0x0000000720400000, 0x0000000720400000, 0x0000000720600000|  0%| F|  |TAMS 0x0000000720400000| PB 0x0000000720400000| Untracked |  0
| 103|0x0000000720600000, 0x0000000720600000, 0x0000000720800000|  0%| F|  |TAMS 0x0000000720600000| PB 0x0000000720600000| Untracked |  0
| 104|0x0000000720800000, 0x0000000720800000, 0x0000000720a00000|  0%| F|  |TAMS 0x0000000720800000| PB 0x0000000720800000| Untracked |  0
| 105|0x0000000720a00000, 0x0000000720a00000, 0x0000000720c00000|  0%| F|  |TAMS 0x0000000720a00000| PB 0x0000000720a00000| Untracked |  0
| 106|0x0000000720c00000, 0x0000000720c00000, 0x0000000720e00000|  0%| F|  |TAMS 0x0000000720c00000| PB 0x0000000720c00000| Untracked |  0
| 107|0x0000000720e00000, 0x0000000720e00000, 0x0000000721000000|  0%| F|  |TAMS 0x0000000720e00000| PB 0x0000000720e00000| Untracked |  0
| 108|0x0000000721000000, 0x0000000721000000, 0x0000000721200000|  0%| F|  |TAMS 0x0000000721000000| PB 0x0000000721000000| Untracked |  0
| 109|0x0000000721200000, 0x0000000721200000, 0x0000000721400000|  0%| F|  |TAMS 0x0000000721200000| PB 0x0000000721200000| Untracked |  0
| 110|0x0000000721400000, 0x0000000721400000, 0x0000000721600000|  0%| F|  |TAMS 0x0000000721400000| PB 0x0000000721400000| Untracked |  0
| 111|0x0000000721600000, 0x0000000721600000, 0x0000000721800000|  0%| F|  |TAMS 0x0000000721600000| PB 0x0000000721600000| Untracked |  0
| 112|0x0000000721800000, 0x0000000721800000, 0x0000000721a00000|  0%| F|  |TAMS 0x0000000721800000| PB 0x0000000721800000| Untracked |  0
| 113|0x0000000721a00000, 0x0000000721a00000, 0x0000000721c00000|  0%| F|  |TAMS 0x0000000721a00000| PB 0x0000000721a00000| Untracked |  0
| 114|0x0000000721c00000, 0x0000000721c00000, 0x0000000721e00000|  0%| F|  |TAMS 0x0000000721c00000| PB 0x0000000721c00000| Untracked |  0
| 115|0x0000000721e00000, 0x0000000722000000, 0x0000000722000000|100%| E|  |TAMS 0x0000000721e00000| PB 0x0000000721e00000| Complete |  1
| 116|0x0000000722000000, 0x0000000722200000, 0x0000000722200000|100%| E|CS|TAMS 0x0000000722000000| PB 0x0000000722000000| Complete |  0
| 117|0x0000000722200000, 0x0000000722400000, 0x0000000722400000|100%| E|CS|TAMS 0x0000000722200000| PB 0x0000000722200000| Complete |  0
| 118|0x0000000722400000, 0x0000000722600000, 0x0000000722600000|100%| E|CS|TAMS 0x0000000722400000| PB 0x0000000722400000| Complete |  0

Card table byte_map: [0x000001507afc0000,0x000001507b730000] _byte_map_base: 0x0000015077724000

Marking Bits: (CMBitMap*) 0x000001507a28c450
 Bits: [0x000001507b730000, 0x000001507f250000)

Polling page: 0x00000150799f0000

Metaspace:

Usage:
  Non-class:      3.65 MB used.
      Class:    208.64 KB used.
       Both:      3.86 MB used.

Virtual space:
  Non-class space:       64.00 MB reserved,       3.75 MB (  6%) committed,  1 nodes.
      Class space:        1.00 GB reserved,     256.00 KB ( <1%) committed,  1 nodes.
             Both:        1.06 GB reserved,       4.00 MB ( <1%) committed. 

Chunk freelists:
   Non-Class:  9.67 MB
       Class:  15.64 MB
        Both:  25.32 MB

MaxMetaspaceSize: unlimited
CompressedClassSpaceSize: 1.00 GB
Initial GC threshold: 21.00 MB
Current GC threshold: 21.00 MB
CDS: on
 - commit_granule_bytes: 65536.
 - commit_granule_words: 8192.
 - virtual_space_node_default_size: 8388608.
 - enlarge_chunks_in_place: 1.
 - use_allocation_guard: 0.


Internal statistics:

num_allocs_failed_limit: 0.
num_arena_births: 62.
num_arena_deaths: 0.
num_vsnodes_births: 2.
num_vsnodes_deaths: 0.
num_space_committed: 63.
num_space_uncommitted: 0.
num_chunks_returned_to_freelist: 0.
num_chunks_taken_from_freelist: 160.
num_chunk_merges: 0.
num_chunk_splits: 115.
num_chunks_enlarged: 86.
num_inconsistent_stats: 0.

CodeHeap 'non-profiled nmethods': size=120064Kb used=163Kb max_used=163Kb free=119900Kb
 bounds [0x0000015010130000, 0x00000150103a0000, 0x0000015017670000]
CodeHeap 'profiled nmethods': size=120000Kb used=630Kb max_used=630Kb free=119369Kb
 bounds [0x0000015008670000, 0x00000150088e0000, 0x000001500fba0000]
CodeHeap 'non-nmethods': size=5696Kb used=2094Kb max_used=2094Kb free=3601Kb
 bounds [0x000001500fba0000, 0x000001500fe10000, 0x0000015010130000]
CodeCache: size=245760Kb, used=2887Kb, max_used=2887Kb, free=242870Kb
 total_blobs=1673, nmethods=572, adapters=1007, full_count=0
Compilation: enabled, stopped_count=0, restarted_count=0

Compilation events (20 events):
Event: 0.855 Thread 0x000001507feb0330  561       4       java.lang.String::coder (15 bytes)
Event: 0.856 Thread 0x000001507feb0330 nmethod 561 0x0000015010157f88 code [0x0000015010158080, 0x0000015010158100]
Event: 0.857 Thread 0x000001507fed0df0  562       3       java.io.WinNTFileSystem::normalize (148 bytes)
Event: 0.857 Thread 0x000001507fed0df0 nmethod 562 0x0000015008709d08 code [0x0000015008709f20, 0x000001500870a9c8]
Event: 0.857 Thread 0x000001507fed0df0  563   !   3       jdk.internal.loader.URLClassPath$JarLoader::ensureOpen (36 bytes)
Event: 0.858 Thread 0x000001507fed0df0 nmethod 563 0x000001500870aa88 code [0x000001500870ac00, 0x000001500870b380]
Event: 0.860 Thread 0x000001507fed0df0  564       3       sun.invoke.util.VerifyAccess::isSamePackage (37 bytes)
Event: 0.860 Thread 0x000001507fed0df0 nmethod 564 0x000001500870b408 code [0x000001500870b5a0, 0x000001500870bb08]
Event: 0.860 Thread 0x000001507fed0df0  565       3       java.lang.invoke.MethodTypeForm::canonicalizeAll (63 bytes)
Event: 0.861 Thread 0x000001507fed0df0 nmethod 565 0x000001500870bb88 code [0x000001500870bce0, 0x000001500870c2c8]
Event: 0.861 Thread 0x000001507fed0df0  566       3       jdk.internal.util.ReferencedKeyMap::entryKey (33 bytes)
Event: 0.862 Thread 0x000001507fed0df0 nmethod 566 0x000001500870c308 code [0x000001500870c480, 0x000001500870cae8]
Event: 0.862 Thread 0x000001507fed0df0  567   !   3       jdk.internal.loader.URLClassPath$JarLoader::getResource (40 bytes)
Event: 0.862 Thread 0x000001507fed0df0 nmethod 567 0x000001500870cb88 code [0x000001500870cd00, 0x000001500870d288]
Event: 0.862 Thread 0x000001507fed0df0  568       3       java.util.jar.JarFile::getJarEntry (9 bytes)
Event: 0.862 Thread 0x000001507fed0df0 nmethod 568 0x000001500870d308 code [0x000001500870d440, 0x000001500870d6d8]
Event: 0.931 Thread 0x000001507fed0df0  571       1       java.lang.NamedPackage::module (5 bytes)
Event: 0.931 Thread 0x000001507fed0df0 nmethod 571 0x0000015010158988 code [0x0000015010158aa0, 0x0000015010158b70]
Event: 0.954 Thread 0x000001507fed0df0  572       3       sun.net.util.IPAddressUtil::earlyURLParsing (12 bytes)
Event: 0.954 Thread 0x000001507fed0df0 nmethod 572 0x000001500870d708 code [0x000001500870d820, 0x000001500870d930]

GC Heap History (0 events):
No events

Dll operation events (9 events):
Event: 0.008 Loaded shared library C:\Users\timyang\.jdks\openjdk-23.0.2\bin\java.dll
Event: 0.044 Loaded shared library C:\Users\timyang\.jdks\openjdk-23.0.2\bin\jsvml.dll
Event: 0.076 Loaded shared library C:\Users\timyang\.jdks\openjdk-23.0.2\bin\net.dll
Event: 0.077 Loaded shared library C:\Users\timyang\.jdks\openjdk-23.0.2\bin\nio.dll
Event: 0.082 Loaded shared library C:\Users\timyang\.jdks\openjdk-23.0.2\bin\zip.dll
Event: 0.146 Loaded shared library C:\Users\timyang\.jdks\openjdk-23.0.2\bin\jimage.dll
Event: 0.172 Loaded shared library C:\Users\timyang\AppData\Local\Temp\lwjgl_timyang\3.3.6+1\x64\lwjgl.dll
Event: 0.501 Loaded shared library C:\Users\timyang\AppData\Local\Temp\lwjgl_timyang\3.3.6+1\x64\lwjgl_opengl.dll
Event: 0.934 Loaded shared library C:\Users\timyang\.jdks\openjdk-23.0.2\bin\verify.dll

Deoptimization events (0 events):
No events

Classes loaded (20 events):
Event: 0.263 Loading class java/nio/DirectDoubleBufferU
Event: 0.263 Loading class java/nio/DirectDoubleBufferU done
Event: 0.263 Loading class sun/misc/Unsafe
Event: 0.264 Loading class sun/misc/Unsafe done
Event: 0.264 Loading class sun/misc/Unsafe$MemoryAccessOption
Event: 0.264 Loading class sun/misc/Unsafe$MemoryAccessOption done
Event: 0.265 Loading class java/lang/invoke/DirectMethodHandle$StaticAccessor
Event: 0.265 Loading class java/lang/invoke/DirectMethodHandle$StaticAccessor done
Event: 0.267 Loading class java/util/function/LongPredicate
Event: 0.267 Loading class java/util/function/LongPredicate done
Event: 0.269 Loading class java/lang/foreign/MemorySegment
Event: 0.270 Loading class java/lang/foreign/MemorySegment done
Event: 0.508 Loading class java/util/Formatter$FixedString
Event: 0.509 Loading class java/util/Formatter$FixedString done
Event: 0.661 Loading class java/nio/InvalidMarkException
Event: 0.661 Loading class java/nio/InvalidMarkException done
Event: 0.661 Loading class java/nio/BufferUnderflowException
Event: 0.661 Loading class java/nio/BufferUnderflowException done
Event: 0.930 Loading class java/io/Externalizable
Event: 0.930 Loading class java/io/Externalizable done

Classes unloaded (0 events):
No events

Classes redefined (0 events):
No events

Internal exceptions (20 events):
Event: 0.137 Thread 0x0000015077e4f180 Exception <a 'java/lang/NoSuchMethodError'{0x00000007222dbc20}: 'java.lang.Object java.lang.invoke.DirectMethodHandle$Holder.invokeStatic(java.lang.Object, java.lang.Object, int)'> (0x00000007222dbc20) 
thrown [s\open\src\hotspot\share\interpreter\linkResolver.cpp, line 796]
Event: 0.139 Thread 0x0000015077e4f180 Exception <a 'java/lang/NoSuchMethodError'{0x00000007222e74c8}: 'void java.lang.invoke.DelegatingMethodHandle$Holder.delegate(java.lang.Object, java.lang.Object, int, java.lang.Object)'> (0x00000007222e74c8) 
thrown [s\open\src\hotspot\share\interpreter\linkResolver.cpp, line 796]
Event: 0.139 Thread 0x0000015077e4f180 Exception <a 'java/lang/NoSuchMethodError'{0x00000007222eb4f8}: 'int java.lang.invoke.DirectMethodHandle$Holder.invokeSpecial(java.lang.Object, java.lang.Object, java.lang.Object)'> (0x00000007222eb4f8) 
thrown [s\open\src\hotspot\share\interpreter\linkResolver.cpp, line 796]
Event: 0.144 Thread 0x0000015077e4f180 Exception <a 'java/lang/NoSuchMethodError'{0x00000007223062c8}: 'void java.lang.System.loadLibrary(java.lang.String, java.lang.Class)'> (0x00000007223062c8) 
thrown [s\open\src\hotspot\share\interpreter\linkResolver.cpp, line 796]
Event: 0.177 Thread 0x0000015077e4f180 Exception <a 'sun/nio/fs/WindowsException'{0x0000000722343320}> (0x0000000722343320) 
thrown [s\open\src\hotspot\share\prims\jni.cpp, line 520]
Event: 0.177 Thread 0x0000015077e4f180 Exception <a 'sun/nio/fs/WindowsException'{0x0000000722343880}> (0x0000000722343880) 
thrown [s\open\src\hotspot\share\prims\jni.cpp, line 520]
Event: 0.246 Thread 0x0000015077e4f180 Exception <a 'sun/nio/fs/WindowsException'{0x00000007223c19b0}> (0x00000007223c19b0) 
thrown [s\open\src\hotspot\share\prims\jni.cpp, line 520]
Event: 0.247 Thread 0x0000015077e4f180 Exception <a 'sun/nio/fs/WindowsException'{0x00000007223c1d30}> (0x00000007223c1d30) 
thrown [s\open\src\hotspot\share\prims\jni.cpp, line 520]
Event: 0.268 Thread 0x0000015077e4f180 Exception <a 'java/lang/NoSuchMethodError'{0x0000000722033310}: 'int java.lang.invoke.DirectMethodHandle$Holder.invokeStaticInit(java.lang.Object, java.lang.Object, int, long)'> (0x0000000722033310) 
thrown [s\open\src\hotspot\share\interpreter\linkResolver.cpp, line 796]
Event: 0.269 Thread 0x0000015077e4f180 Exception <a 'java/lang/NoSuchMethodError'{0x00000007220386f8}: 'java.lang.Object java.lang.invoke.DirectMethodHandle$Holder.newInvokeSpecial(java.lang.Object, java.lang.Object, int)'> (0x00000007220386f8) 
thrown [s\open\src\hotspot\share\interpreter\linkResolver.cpp, line 796]
Event: 0.271 Thread 0x0000015077e4f180 Exception <a 'java/lang/NoSuchMethodError'{0x00000007220476c0}: 'int java.lang.invoke.DirectMethodHandle$Holder.invokeStaticInit(java.lang.Object, java.lang.Object, long, long)'> (0x00000007220476c0) 
thrown [s\open\src\hotspot\share\interpreter\linkResolver.cpp, line 796]
Event: 0.272 Thread 0x0000015077e4f180 Exception <a 'java/lang/NoSuchMethodError'{0x000000072204d440}: 'java.lang.Object java.lang.invoke.DirectMethodHandle$Holder.newInvokeSpecial(java.lang.Object, java.lang.Object, long)'> (0x000000072204d440) 
thrown [s\open\src\hotspot\share\interpreter\linkResolver.cpp, line 796]
Event: 0.272 Thread 0x0000015077e4f180 Exception <a 'java/lang/NoSuchMethodError'{0x00000007220515b0}: 'java.lang.Object java.lang.invoke.Invokers$Holder.linkToTargetMethod(java.lang.Object, long, java.lang.Object)'> (0x00000007220515b0) 
thrown [s\open\src\hotspot\share\interpreter\linkResolver.cpp, line 796]
Event: 0.273 Thread 0x0000015077e4f180 Exception <a 'java/lang/NoSuchMethodError'{0x0000000722058af0}: 'int java.lang.invoke.DirectMethodHandle$Holder.invokeStaticInit(java.lang.Object, java.lang.Object, java.lang.Object, long)'> (0x0000000722058af0) 
thrown [s\open\src\hotspot\share\interpreter\linkResolver.cpp, line 796]
Event: 0.493 Thread 0x0000015077e4f180 Exception <a 'java/lang/NoSuchMethodError'{0x00000007220b74c0}: 'void java.lang.System.load(java.lang.String, java.lang.Class)'> (0x00000007220b74c0) 
thrown [s\open\src\hotspot\share\interpreter\linkResolver.cpp, line 796]
Event: 0.495 Thread 0x0000015077e4f180 Exception <a 'java/lang/NoSuchMethodError'{0x00000007220ba040}: 'void java.lang.System.loadLibrary(java.lang.String, java.lang.Class)'> (0x00000007220ba040) 
thrown [s\open\src\hotspot\share\interpreter\linkResolver.cpp, line 796]
Event: 0.500 Thread 0x0000015077e4f180 Exception <a 'sun/nio/fs/WindowsException'{0x00000007220c8d38}> (0x00000007220c8d38) 
thrown [s\open\src\hotspot\share\prims\jni.cpp, line 520]
Event: 0.500 Thread 0x0000015077e4f180 Exception <a 'sun/nio/fs/WindowsException'{0x00000007220c90f0}> (0x00000007220c90f0) 
thrown [s\open\src\hotspot\share\prims\jni.cpp, line 520]
Event: 0.506 Thread 0x0000015077e4f180 Exception <a 'sun/nio/fs/WindowsException'{0x00000007220d3688}> (0x00000007220d3688) 
thrown [s\open\src\hotspot\share\prims\jni.cpp, line 520]
Event: 0.506 Thread 0x0000015077e4f180 Exception <a 'sun/nio/fs/WindowsException'{0x00000007220d3978}> (0x00000007220d3978) 
thrown [s\open\src\hotspot\share\prims\jni.cpp, line 520]

VM Operations (2 events):
Event: 0.083 Executing VM operation: HandshakeAllThreads (Deoptimize)
Event: 0.083 Executing VM operation: HandshakeAllThreads (Deoptimize) done

Memory protections (0 events):
No events

Nmethod flushes (0 events):
No events

Events (13 events):
Event: 0.026 Thread 0x0000015077e4f180 Thread added: 0x0000015077e4f180
Event: 0.041 Thread 0x0000015077e4f180 Thread added: 0x000001507fea05f0
Event: 0.041 Thread 0x0000015077e4f180 Thread added: 0x000001507fea1310
Event: 0.042 Thread 0x0000015077e4f180 Thread added: 0x000001507fea2ee0
Event: 0.042 Thread 0x0000015077e4f180 Thread added: 0x000001507fea3940
Event: 0.042 Thread 0x0000015077e4f180 Thread added: 0x000001507fea44d0
Event: 0.042 Thread 0x0000015077e4f180 Thread added: 0x000001507fea71e0
Event: 0.042 Thread 0x0000015077e4f180 Thread added: 0x000001507feb0330
Event: 0.042 Thread 0x0000015077e4f180 Thread added: 0x000001507fed0df0
Event: 0.066 Thread 0x0000015077e4f180 Thread added: 0x00000150197a79d0
Event: 0.069 Thread 0x0000015077e4f180 Thread added: 0x00000150197aa860
Event: 0.241 Thread 0x000001507fed0df0 Thread added: 0x000001505f04a330
Event: 0.489 Thread 0x000001505f04a330 Thread exited: 0x000001505f04a330


Dynamic libraries:
0x00007ff7dc2c0000 - 0x00007ff7dc2ce000 	C:\Users\timyang\.jdks\openjdk-23.0.2\bin\java.exe
0x00007fff6b670000 - 0x00007fff6b887000 	C:\WINDOWS\SYSTEM32\ntdll.dll
0x00007fff6a050000 - 0x00007fff6a114000 	C:\WINDOWS\System32\KERNEL32.DLL
0x00007fff68920000 - 0x00007fff68cf0000 	C:\WINDOWS\System32\KERNELBASE.dll
0x00007fff68d20000 - 0x00007fff68e31000 	C:\WINDOWS\System32\ucrtbase.dll
0x00007fff61900000 - 0x00007fff6191b000 	C:\Users\timyang\.jdks\openjdk-23.0.2\bin\VCRUNTIME140.dll
0x00007fff52da0000 - 0x00007fff52db7000 	C:\Users\timyang\.jdks\openjdk-23.0.2\bin\jli.dll
0x00007fff6a8a0000 - 0x00007fff6aa4e000 	C:\WINDOWS\System32\USER32.dll
0x00007fff4b870000 - 0x00007fff4bb02000 	C:\WINDOWS\WinSxS\amd64_microsoft.windows.common-controls_6595b64144ccf1df_6.0.22621.4830_none_270fe7d773858e80\COMCTL32.dll
0x00007fff69150000 - 0x00007fff69176000 	C:\WINDOWS\System32\win32u.dll
0x00007fff69d70000 - 0x00007fff69e17000 	C:\WINDOWS\System32\msvcrt.dll
0x00007fff69a60000 - 0x00007fff69a89000 	C:\WINDOWS\System32\GDI32.dll
0x00007fff69180000 - 0x00007fff6929b000 	C:\WINDOWS\System32\gdi32full.dll
0x00007fff68ec0000 - 0x00007fff68f5a000 	C:\WINDOWS\System32\msvcp_win.dll
0x00007fff6a5e0000 - 0x00007fff6a611000 	C:\WINDOWS\System32\IMM32.DLL
0x00007fff52d90000 - 0x00007fff52d9c000 	C:\Users\timyang\.jdks\openjdk-23.0.2\bin\vcruntime140_1.dll
0x00007fff4c1e0000 - 0x00007fff4c26e000 	C:\Users\timyang\.jdks\openjdk-23.0.2\bin\msvcp140.dll
0x00007ffeb6590000 - 0x00007ffeb72e0000 	C:\Users\timyang\.jdks\openjdk-23.0.2\bin\server\jvm.dll
0x00007fff6a7e0000 - 0x00007fff6a891000 	C:\WINDOWS\System32\ADVAPI32.dll
0x00007fff6ad00000 - 0x00007fff6ada7000 	C:\WINDOWS\System32\sechost.dll
0x00007fff68cf0000 - 0x00007fff68d18000 	C:\WINDOWS\System32\bcrypt.dll
0x00007fff69eb0000 - 0x00007fff69fc4000 	C:\WINDOWS\System32\RPCRT4.dll
0x00007fff6aa50000 - 0x00007fff6aac1000 	C:\WINDOWS\System32\WS2_32.dll
0x00007fff687f0000 - 0x00007fff6883d000 	C:\WINDOWS\SYSTEM32\POWRPROF.dll
0x00007fff62740000 - 0x00007fff62774000 	C:\WINDOWS\SYSTEM32\WINMM.dll
0x00007fff5f700000 - 0x00007fff5f70a000 	C:\WINDOWS\SYSTEM32\VERSION.dll
0x00007fff687d0000 - 0x00007fff687e3000 	C:\WINDOWS\SYSTEM32\UMPDC.dll
0x00007fff67840000 - 0x00007fff67858000 	C:\WINDOWS\SYSTEM32\kernel.appcore.dll
0x00007fff52d70000 - 0x00007fff52d7a000 	C:\Users\timyang\.jdks\openjdk-23.0.2\bin\jimage.dll
0x00007fff65f60000 - 0x00007fff66192000 	C:\WINDOWS\SYSTEM32\DBGHELP.DLL
0x00007fff69360000 - 0x00007fff696f0000 	C:\WINDOWS\System32\combase.dll
0x00007fff6aad0000 - 0x00007fff6aba7000 	C:\WINDOWS\System32\OLEAUT32.dll
0x00007fff4e270000 - 0x00007fff4e2a2000 	C:\WINDOWS\SYSTEM32\dbgcore.DLL
0x00007fff68e40000 - 0x00007fff68ebb000 	C:\WINDOWS\System32\bcryptPrimitives.dll
0x00007fff52bd0000 - 0x00007fff52bee000 	C:\Users\timyang\.jdks\openjdk-23.0.2\bin\java.dll
0x00007fff698b0000 - 0x00007fff69a51000 	C:\WINDOWS\System32\ole32.dll
0x00007fff6adb0000 - 0x00007fff6b628000 	C:\WINDOWS\System32\SHELL32.dll
0x00007fff66690000 - 0x00007fff66fa0000 	C:\WINDOWS\SYSTEM32\windows.storage.dll
0x00007fff66550000 - 0x00007fff6668f000 	C:\WINDOWS\SYSTEM32\wintypes.dll
0x00007fff6a620000 - 0x00007fff6a72a000 	C:\WINDOWS\System32\SHCORE.dll
0x00007fff6ac00000 - 0x00007fff6ac5e000 	C:\WINDOWS\System32\shlwapi.dll
0x00007fff68850000 - 0x00007fff6887b000 	C:\WINDOWS\SYSTEM32\profapi.dll
0x00007fff423d0000 - 0x00007fff424a7000 	C:\Users\timyang\.jdks\openjdk-23.0.2\bin\jsvml.dll
0x00007fff52bc0000 - 0x00007fff52bd0000 	C:\Users\timyang\.jdks\openjdk-23.0.2\bin\net.dll
0x00007fff67de0000 - 0x00007fff67e4a000 	C:\WINDOWS\system32\mswsock.dll
0x00007fff52890000 - 0x00007fff528a6000 	C:\Users\timyang\.jdks\openjdk-23.0.2\bin\nio.dll
0x00007fff528e0000 - 0x00007fff528f7000 	C:\Users\timyang\.jdks\openjdk-23.0.2\bin\zip.dll
0x00007fff48450000 - 0x00007fff484ce000 	C:\Users\timyang\AppData\Local\Temp\lwjgl_timyang\3.3.6+1\x64\lwjgl.dll
0x00007fff483c0000 - 0x00007fff48449000 	C:\Users\timyang\AppData\Local\Temp\lwjgl_timyang\3.3.6+1\x64\glfw.dll
0x00007fff4bf80000 - 0x00007fff4bfc6000 	C:\WINDOWS\SYSTEM32\dinput8.dll
0x00007fff527f0000 - 0x00007fff52801000 	C:\WINDOWS\SYSTEM32\xinput1_4.dll
0x00007fff68560000 - 0x00007fff6858c000 	C:\WINDOWS\SYSTEM32\DEVOBJ.dll
0x00007fff68590000 - 0x00007fff685de000 	C:\WINDOWS\SYSTEM32\cfgmgr32.dll
0x00007fff659d0000 - 0x00007fff659fb000 	C:\WINDOWS\SYSTEM32\dwmapi.dll
0x00007fff437e0000 - 0x00007fff439f4000 	C:\WINDOWS\SYSTEM32\inputhost.dll
0x00007fff61260000 - 0x00007fff61395000 	C:\WINDOWS\SYSTEM32\CoreMessaging.dll
0x00007fff65750000 - 0x00007fff65801000 	C:\WINDOWS\system32\uxtheme.dll
0x00007fff69a90000 - 0x00007fff69bef000 	C:\WINDOWS\System32\MSCTF.dll
0x00007fff680c0000 - 0x00007fff680cc000 	C:\WINDOWS\SYSTEM32\CRYPTBASE.DLL
0x00007ffedd2a0000 - 0x00007ffedd3a0000 	C:\WINDOWS\SYSTEM32\opengl32.dll
0x00007ffedd1e0000 - 0x00007ffedd20d000 	C:\WINDOWS\SYSTEM32\GLU32.dll
0x00007fff65880000 - 0x00007fff658b7000 	C:\WINDOWS\SYSTEM32\dxcore.dll
0x00007fff5fa20000 - 0x00007fff5fa69000 	C:\WINDOWS\SYSTEM32\directxdatabasehelper.dll
0x00007fff6a730000 - 0x00007fff6a7e0000 	C:\WINDOWS\System32\clbcatq.dll
0x00007ffed1720000 - 0x00007ffed1750000 	C:\WINDOWS\System32\DriverStore\FileRepository\u0405853.inf_amd64_ea4cddd8b6623fa7\B405695\atig6pxx.dll
0x00007ffecb7a0000 - 0x00007ffecf964000 	C:\WINDOWS\System32\DriverStore\FileRepository\u0405853.inf_amd64_ea4cddd8b6623fa7\B405695\atio6axx.dll
0x00007fff6a160000 - 0x00007fff6a5d4000 	C:\WINDOWS\System32\SETUPAPI.dll
0x00007fff690d0000 - 0x00007fff69142000 	C:\WINDOWS\System32\WINTRUST.dll
0x00007fff68f60000 - 0x00007fff690c6000 	C:\WINDOWS\System32\CRYPT32.dll
0x00007fff68130000 - 0x00007fff68142000 	C:\WINDOWS\SYSTEM32\MSASN1.dll
0x00007fff55de0000 - 0x00007fff55e17000 	C:\WINDOWS\System32\DriverStore\FileRepository\u0405853.inf_amd64_ea4cddd8b6623fa7\B405695\amdihk64.dll
0x00007fff5d8c0000 - 0x00007fff5da06000 	C:\WINDOWS\SYSTEM32\textinputframework.dll
0x00007fff5f330000 - 0x00007fff5f69c000 	C:\WINDOWS\SYSTEM32\CoreUIComponents.dll
0x00007fff482c0000 - 0x00007fff4831d000 	C:\Users\timyang\AppData\Local\Temp\lwjgl_timyang\3.3.6+1\x64\lwjgl_opengl.dll
0x00007fff52ae0000 - 0x00007fff52af0000 	C:\Users\timyang\.jdks\openjdk-23.0.2\bin\verify.dll

dbghelp: loaded successfully - version: 4.0.5 - missing functions: none
symbol engine: initialized successfully - sym options: 0x614 - pdb path: .;C:\Users\timyang\.jdks\openjdk-23.0.2\bin;C:\WINDOWS\SYSTEM32;C:\WINDOWS\WinSxS\amd64_microsoft.windows.common-controls_6595b64144ccf1df_6.0.22621.4830_none_270fe7d773858e80;C:\Users\timyang\.jdks\openjdk-23.0.2\bin\server;C:\Users\timyang\AppData\Local\Temp\lwjgl_timyang\3.3.6+1\x64;C:\WINDOWS\System32\DriverStore\FileRepository\u0405853.inf_amd64_ea4cddd8b6623fa7\B405695

VM Arguments:
jvm_args: -Dfile.encoding=UTF-8 -Duser.country=US -Duser.language=en -Duser.variant 
java_command: pkgCSC133.Driver
java_class_path (initial): C:\Users\timyang\Downloads\Assignment-6TY\build\classes\java\main;C:\Users\timyang\Downloads\Assignment-6TY\build\resources\main;C:\Users\timyang\.gradle\caches\modules-2\files-2.1\org.lwjgl\lwjgl-glfw\3.3.6\7119f7d0eeb1e5502ff0ca71d2b4d47317da015\lwjgl-glfw-3.3.6.jar;C:\Users\timyang\.gradle\caches\modules-2\files-2.1\org.lwjgl\lwjgl-glfw\3.3.6\99ef08056feb9627f90425a4d2a22cd9fae8e39b\lwjgl-glfw-3.3.6-natives-windows.jar;C:\Users\timyang\.gradle\caches\modules-2\files-2.1\org.lwjgl\lwjgl-opengl\3.3.6\ac2532612a4df374e9a9282bcf8ce2573018ebbb\lwjgl-opengl-3.3.6.jar;C:\Users\timyang\.gradle\caches\modules-2\files-2.1\org.lwjgl\lwjgl-opengl\3.3.6\18dc639ebc94aa5202c2157f7490d28997b697c5\lwjgl-opengl-3.3.6-natives-windows.jar;C:\Users\timyang\.gradle\caches\modules-2\files-2.1\org.lwjgl\lwjgl-stb\3.3.6\e2d3739dcfe7b672b626ded66d94f6587083306e\lwjgl-stb-3.3.6.jar;C:\Users\timyang\.gradle\caches\modules-2\files-2.1\org.lwjgl\lwjgl\3.3.6\ce7721d30cfaf47feaed10213e0c43eb55c49d68\lwjgl-3.3.6.jar;C:\Users\timyang\.gradle\caches\modules-2\files-2.1\org.lwjgl\lwjgl\3.3.6\9a29b6a22fc5184604b8cb434ee5d5ecc4bfcbee\lwjgl-3.3.6-natives-windows.jar;C:\Users\timyang\.gradle\caches\modules-2\files-2.1\org.joml\joml\1.10.5\22566d58af70ad3d72308bab63b8339906deb649\joml-1.10.5.jar
Launcher Type: SUN_STANDARD

[Global flags]
     intx CICompilerCount                          = 4                                         {product} {ergonomic}
     uint ConcGCThreads                            = 3                                         {product} {ergonomic}
     uint G1ConcRefinementThreads                  = 10                                        {product} {ergonomic}
   size_t G1HeapRegionSize                         = 2097152                                   {product} {ergonomic}
   size_t InitialHeapSize                          = 249561088                                 {product} {ergonomic}
   size_t MarkStackSize                            = 4194304                                   {product} {ergonomic}
   size_t MarkStackSizeMax                         = 536870912                                 {product} {ergonomic}
   size_t MaxHeapSize                              = 3967811584                                {product} {ergonomic}
   size_t MaxNewSize                               = 2380267520                                {product} {ergonomic}
   size_t MinHeapDeltaBytes                        = 2097152                                   {product} {ergonomic}
   size_t MinHeapSize                              = 8388608                                   {product} {ergonomic}
    uintx NonNMethodCodeHeapSize                   = 5832704                                {pd product} {ergonomic}
    uintx NonProfiledCodeHeapSize                  = 122945536                              {pd product} {ergonomic}
    uintx ProfiledCodeHeapSize                     = 122880000                              {pd product} {ergonomic}
    uintx ReservedCodeCacheSize                    = 251658240                              {pd product} {ergonomic}
     bool SegmentedCodeCache                       = true                                      {product} {ergonomic}
   size_t SoftMaxHeapSize                          = 3967811584                             {manageable} {ergonomic}
     bool UseCompressedOops                        = true                           {product lp64_product} {ergonomic}
     bool UseG1GC                                  = true                                      {product} {ergonomic}
     bool UseLargePagesIndividualAllocation        = false                                  {pd product} {ergonomic}

Logging:
Log output configuration:
 #0: stdout all=warning uptime,level,tags foldmultilines=false
 #1: stderr all=off uptime,level,tags foldmultilines=false

Environment Variables:
PATH=C:\WINDOWS\system32;C:\WINDOWS;C:\WINDOWS\System32\Wbem;C:\WINDOWS\System32\WindowsPowerShell\v1.0\;C:\WINDOWS\System32\OpenSSH\;C:\Windows\CCM;C:\Program Files\Git\cmd;C:\Users\timyang\AppData\Local\Microsoft\WindowsApps;
USERNAME=timyang
OS=Windows_NT
PROCESSOR_IDENTIFIER=AMD64 Family 25 Model 68 Stepping 1, AuthenticAMD
TMP=C:\Users\timyang\AppData\Local\Temp
TEMP=C:\Users\timyang\AppData\Local\Temp




Periodic native trim disabled

---------------  S Y S T E M  ---------------

OS:
 Windows 11 , 64 bit Build 22621 (10.0.22621.4830)
OS uptime: 0 days 8:56 hours
Hyper-V role detected

CPU: total 12 (initial active 12) (12 cores per cpu, 2 threads per core) family 25 model 68 stepping 1 microcode 0x0, cx8, cmov, fxsr, ht, mmx, 3dnowpref, sse, sse2, sse3, ssse3, sse4a, sse4.1, sse4.2, popcnt, lzcnt, tsc, tscinvbit, avx, avx2, aes, erms, clmul, bmi1, bmi2, adx, sha, fma, vzeroupper, clflush, clflushopt, hv, rdtscp, rdpid, fsrm, f16c, cet_ss
Processor Information for processor 0
  Max Mhz: 2901, Current Mhz: 2482, Mhz Limit: 2901
Processor Information for processor 1
  Max Mhz: 2901, Current Mhz: 2482, Mhz Limit: 2901
Processor Information for processor 2
  Max Mhz: 2901, Current Mhz: 2482, Mhz Limit: 2901
Processor Information for processor 3
  Max Mhz: 2901, Current Mhz: 2901, Mhz Limit: 2901
Processor Information for processor 4
  Max Mhz: 2901, Current Mhz: 2482, Mhz Limit: 2901
Processor Information for processor 5
  Max Mhz: 2901, Current Mhz: 2482, Mhz Limit: 2901
Processor Information for processor 6
  Max Mhz: 2901, Current Mhz: 2482, Mhz Limit: 2901
Processor Information for processor 7
  Max Mhz: 2901, Current Mhz: 2482, Mhz Limit: 2901
Processor Information for processor 8
  Max Mhz: 2901, Current Mhz: 2482, Mhz Limit: 2901
Processor Information for processor 9
  Max Mhz: 2901, Current Mhz: 2901, Mhz Limit: 2901
Processor Information for processor 10
  Max Mhz: 2901, Current Mhz: 2482, Mhz Limit: 2901
Processor Information for processor 11
  Max Mhz: 2901, Current Mhz: 2482, Mhz Limit: 2901

Memory: 4k page, system-wide physical 15134M (3888M free)
TotalPageFile size 23067M (AvailPageFile size 4244M)
current process WorkingSet (physical memory assigned to process): 119M, peak: 121M
current process commit charge ("private bytes"): 414M, peak: 417M

vm_info: OpenJDK 64-Bit Server VM (23.0.2+7-58) for windows-amd64 JRE (23.0.2+7-58), built on 2024-11-29T09:34:55Z with MS VC++ 17.6 (VS2022)

END.
